running develop
running egg_info
creating lab5_vision.egg-info
writing lab5_vision.egg-info/PKG-INFO
writing dependency_links to lab5_vision.egg-info/dependency_links.txt
writing entry points to lab5_vision.egg-info/entry_points.txt
writing requirements to lab5_vision.egg-info/requires.txt
writing top-level names to lab5_vision.egg-info/top_level.txt
writing manifest file 'lab5_vision.egg-info/SOURCES.txt'
reading manifest file 'lab5_vision.egg-info/SOURCES.txt'
writing manifest file 'lab5_vision.egg-info/SOURCES.txt'
running build_ext
Creating /workspaces/agtech_ros2/src/install/lab5_vision/lib/python3.10/site-packages/lab5-vision.egg-link (link to .)

Installed /workspaces/agtech_ros2/src/build/lab5_vision
running symlink_data
creating /workspaces/agtech_ros2/src/install/lab5_vision/share/ament_index
creating /workspaces/agtech_ros2/src/install/lab5_vision/share/ament_index/resource_index
creating /workspaces/agtech_ros2/src/install/lab5_vision/share/ament_index/resource_index/packages
symbolically linking /workspaces/agtech_ros2/src/build/lab5_vision/resource/lab5_vision -> /workspaces/agtech_ros2/src/install/lab5_vision/share/ament_index/resource_index/packages
symbolically linking /workspaces/agtech_ros2/src/build/lab5_vision/package.xml -> /workspaces/agtech_ros2/src/install/lab5_vision/share/lab5_vision
