[1.614s] Invoking command in '/workspaces/agtech_ros2/src/build/lab5_vision': PYTHONPATH=/workspaces/agtech_ros2/src/build/lab5_vision/prefix_override:/usr/lib/python3/dist-packages/colcon_core/task/python/colcon_distutils_commands:/workspaces/agtech_ros2/src/install/lab5_vision/lib/python3.10/site-packages:${PYTHONPATH} /usr/bin/python3 -W ignore:setup.py install is deprecated -W ignore:easy_install command is deprecated setup.py develop --editable --build-directory /workspaces/agtech_ros2/src/build/lab5_vision/build --no-deps symlink_data
[2.337s] running develop
[2.565s] running egg_info
[2.566s] creating lab5_vision.egg-info
[2.567s] writing lab5_vision.egg-info/PKG-INFO
[2.573s] writing dependency_links to lab5_vision.egg-info/dependency_links.txt
[2.577s] writing entry points to lab5_vision.egg-info/entry_points.txt
[2.580s] writing requirements to lab5_vision.egg-info/requires.txt
[2.582s] writing top-level names to lab5_vision.egg-info/top_level.txt
[2.586s] writing manifest file 'lab5_vision.egg-info/SOURCES.txt'
[2.630s] reading manifest file 'lab5_vision.egg-info/SOURCES.txt'
[2.674s] writing manifest file 'lab5_vision.egg-info/SOURCES.txt'
[2.684s] running build_ext
[2.685s] Creating /workspaces/agtech_ros2/src/install/lab5_vision/lib/python3.10/site-packages/lab5-vision.egg-link (link to .)
[2.708s] 
[2.709s] Installed /workspaces/agtech_ros2/src/build/lab5_vision
[2.711s] running symlink_data
[2.719s] creating /workspaces/agtech_ros2/src/install/lab5_vision/share/ament_index
[2.721s] creating /workspaces/agtech_ros2/src/install/lab5_vision/share/ament_index/resource_index
[2.724s] creating /workspaces/agtech_ros2/src/install/lab5_vision/share/ament_index/resource_index/packages
[2.736s] symbolically linking /workspaces/agtech_ros2/src/build/lab5_vision/resource/lab5_vision -> /workspaces/agtech_ros2/src/install/lab5_vision/share/ament_index/resource_index/packages
[2.750s] symbolically linking /workspaces/agtech_ros2/src/build/lab5_vision/package.xml -> /workspaces/agtech_ros2/src/install/lab5_vision/share/lab5_vision
[2.776s] Invoked command in '/workspaces/agtech_ros2/src/build/lab5_vision' returned '0': PYTHONPATH=/workspaces/agtech_ros2/src/build/lab5_vision/prefix_override:/usr/lib/python3/dist-packages/colcon_core/task/python/colcon_distutils_commands:/workspaces/agtech_ros2/src/install/lab5_vision/lib/python3.10/site-packages:${PYTHONPATH} /usr/bin/python3 -W ignore:setup.py install is deprecated -W ignore:easy_install command is deprecated setup.py develop --editable --build-directory /workspaces/agtech_ros2/src/build/lab5_vision/build --no-deps symlink_data
