[0.137s] DEBUG:colcon:Command line arguments: ['/usr/bin/colcon', 'list', '-p', '--base-paths', '/workspaces/agtech_ros2']
[0.138s] DEBUG:colcon:Parsed command line arguments: Namespace(log_base=None, log_level=None, verb_name='list', build_base='build', ignore_user_meta=False, metas=['./colcon.meta'], base_paths=['/workspaces/agtech_ros2'], packages_ignore=None, packages_ignore_regex=None, paths=None, packages_up_to=None, packages_up_to_regex=None, packages_above=None, packages_above_and_dependencies=None, packages_above_depth=None, packages_select_by_dep=None, packages_skip_by_dep=None, packages_skip_up_to=None, packages_select_build_failed=False, packages_skip_build_finished=False, packages_select_test_failures=False, packages_skip_test_passed=False, packages_select=None, packages_skip=None, packages_select_regex=None, packages_skip_regex=None, packages_start=None, packages_end=None, topological_order=False, names_only=False, paths_only=True, topological_graph=False, topological_graph_dot=False, topological_graph_density=False, topological_graph_legend=False, topological_graph_dot_cluster=False, topological_graph_dot_include_skipped=False, mixin_files=None, mixin=None, verb_parser=<colcon_mixin.mixin.mixin_argument.MixinArgumentDecorator object at 0x71f6b8da3cd0>, verb_extension=<colcon_package_information.verb.list.ListVerb object at 0x71f6b8da2b00>, main=<bound method ListVerb.main of <colcon_package_information.verb.list.ListVerb object at 0x71f6b8da2b00>>, mixin_verb=('list',))
[0.318s] Level 1:colcon.colcon_core.package_discovery:discover_packages(colcon_meta) check parameters
[0.319s] INFO:colcon.colcon_metadata.package_discovery.colcon_meta:Using configuration from '/root/.colcon/metadata/default/Gazebo.meta'
[0.320s] INFO:colcon.colcon_metadata.package_discovery.colcon_meta:Using configuration from '/root/.colcon/metadata/default/fastdds.meta'
[0.321s] INFO:colcon.colcon_metadata.package_discovery.colcon_meta:Using configuration from '/root/.colcon/metadata/default/fastrtps.meta'
[0.322s] Level 1:colcon.colcon_core.package_discovery:discover_packages(recursive) check parameters
[0.322s] Level 1:colcon.colcon_core.package_discovery:discover_packages(ignore) check parameters
[0.323s] Level 1:colcon.colcon_core.package_discovery:discover_packages(path) check parameters
[0.323s] Level 1:colcon.colcon_core.package_discovery:discover_packages(recursive) discover
[0.323s] INFO:colcon.colcon_core.package_discovery:Crawling recursively for packages in '/workspaces/agtech_ros2'
[0.326s] Level 1:colcon.colcon_core.package_identification:_identify(/workspaces/agtech_ros2) by extensions ['ignore', 'ignore_ament_install']
[0.326s] Level 1:colcon.colcon_core.package_identification:_identify(/workspaces/agtech_ros2) by extension 'ignore'
[0.327s] Level 1:colcon.colcon_core.package_identification:_identify(/workspaces/agtech_ros2) by extension 'ignore_ament_install'
[0.328s] Level 1:colcon.colcon_core.package_identification:_identify(/workspaces/agtech_ros2) by extensions ['colcon_pkg']
[0.328s] Level 1:colcon.colcon_core.package_identification:_identify(/workspaces/agtech_ros2) by extension 'colcon_pkg'
[0.329s] Level 1:colcon.colcon_core.package_identification:_identify(/workspaces/agtech_ros2) by extensions ['colcon_meta']
[0.329s] Level 1:colcon.colcon_core.package_identification:_identify(/workspaces/agtech_ros2) by extension 'colcon_meta'
[0.329s] Level 1:colcon.colcon_core.package_identification:_identify(/workspaces/agtech_ros2) by extensions ['ros']
[0.330s] Level 1:colcon.colcon_core.package_identification:_identify(/workspaces/agtech_ros2) by extension 'ros'
[0.345s] Level 1:colcon.colcon_core.package_identification:_identify(/workspaces/agtech_ros2) by extensions ['cmake', 'python']
[0.346s] Level 1:colcon.colcon_core.package_identification:_identify(/workspaces/agtech_ros2) by extension 'cmake'
[0.346s] Level 1:colcon.colcon_core.package_identification:_identify(/workspaces/agtech_ros2) by extension 'python'
[0.347s] Level 1:colcon.colcon_core.package_identification:_identify(/workspaces/agtech_ros2) by extensions ['python_setup_py']
[0.347s] Level 1:colcon.colcon_core.package_identification:_identify(/workspaces/agtech_ros2) by extension 'python_setup_py'
[0.349s] Level 1:colcon.colcon_core.package_identification:_identify(/workspaces/agtech_ros2/build) by extensions ['ignore', 'ignore_ament_install']
[0.350s] Level 1:colcon.colcon_core.package_identification:_identify(/workspaces/agtech_ros2/build) by extension 'ignore'
[0.351s] Level 1:colcon.colcon_core.package_identification:_identify(/workspaces/agtech_ros2/build) ignored
[0.354s] Level 1:colcon.colcon_core.package_identification:_identify(/workspaces/agtech_ros2/install) by extensions ['ignore', 'ignore_ament_install']
[0.354s] Level 1:colcon.colcon_core.package_identification:_identify(/workspaces/agtech_ros2/install) by extension 'ignore'
[0.356s] Level 1:colcon.colcon_core.package_identification:_identify(/workspaces/agtech_ros2/install) ignored
[0.359s] Level 1:colcon.colcon_core.package_identification:_identify(/workspaces/agtech_ros2/log) by extensions ['ignore', 'ignore_ament_install']
[0.359s] Level 1:colcon.colcon_core.package_identification:_identify(/workspaces/agtech_ros2/log) by extension 'ignore'
[0.360s] Level 1:colcon.colcon_core.package_identification:_identify(/workspaces/agtech_ros2/log) ignored
[0.363s] Level 1:colcon.colcon_core.package_identification:_identify(/workspaces/agtech_ros2/playground) by extensions ['ignore', 'ignore_ament_install']
[0.364s] Level 1:colcon.colcon_core.package_identification:_identify(/workspaces/agtech_ros2/playground) by extension 'ignore'
[0.365s] Level 1:colcon.colcon_core.package_identification:_identify(/workspaces/agtech_ros2/playground) by extension 'ignore_ament_install'
[0.367s] Level 1:colcon.colcon_core.package_identification:_identify(/workspaces/agtech_ros2/playground) by extensions ['colcon_pkg']
[0.367s] Level 1:colcon.colcon_core.package_identification:_identify(/workspaces/agtech_ros2/playground) by extension 'colcon_pkg'
[0.368s] Level 1:colcon.colcon_core.package_identification:_identify(/workspaces/agtech_ros2/playground) by extensions ['colcon_meta']
[0.368s] Level 1:colcon.colcon_core.package_identification:_identify(/workspaces/agtech_ros2/playground) by extension 'colcon_meta'
[0.370s] Level 1:colcon.colcon_core.package_identification:_identify(/workspaces/agtech_ros2/playground) by extensions ['ros']
[0.370s] Level 1:colcon.colcon_core.package_identification:_identify(/workspaces/agtech_ros2/playground) by extension 'ros'
[0.374s] Level 1:colcon.colcon_core.package_identification:_identify(/workspaces/agtech_ros2/playground) by extensions ['cmake', 'python']
[0.374s] Level 1:colcon.colcon_core.package_identification:_identify(/workspaces/agtech_ros2/playground) by extension 'cmake'
[0.376s] Level 1:colcon.colcon_core.package_identification:_identify(/workspaces/agtech_ros2/playground) by extension 'python'
[0.377s] Level 1:colcon.colcon_core.package_identification:_identify(/workspaces/agtech_ros2/playground) by extensions ['python_setup_py']
[0.377s] Level 1:colcon.colcon_core.package_identification:_identify(/workspaces/agtech_ros2/playground) by extension 'python_setup_py'
[0.381s] Level 1:colcon.colcon_core.package_identification:_identify(/workspaces/agtech_ros2/src) by extensions ['ignore', 'ignore_ament_install']
[0.382s] Level 1:colcon.colcon_core.package_identification:_identify(/workspaces/agtech_ros2/src) by extension 'ignore'
[0.383s] Level 1:colcon.colcon_core.package_identification:_identify(/workspaces/agtech_ros2/src) by extension 'ignore_ament_install'
[0.385s] Level 1:colcon.colcon_core.package_identification:_identify(/workspaces/agtech_ros2/src) by extensions ['colcon_pkg']
[0.385s] Level 1:colcon.colcon_core.package_identification:_identify(/workspaces/agtech_ros2/src) by extension 'colcon_pkg'
[0.386s] Level 1:colcon.colcon_core.package_identification:_identify(/workspaces/agtech_ros2/src) by extensions ['colcon_meta']
[0.386s] Level 1:colcon.colcon_core.package_identification:_identify(/workspaces/agtech_ros2/src) by extension 'colcon_meta'
[0.387s] Level 1:colcon.colcon_core.package_identification:_identify(/workspaces/agtech_ros2/src) by extensions ['ros']
[0.388s] Level 1:colcon.colcon_core.package_identification:_identify(/workspaces/agtech_ros2/src) by extension 'ros'
[0.392s] Level 1:colcon.colcon_core.package_identification:_identify(/workspaces/agtech_ros2/src) by extensions ['cmake', 'python']
[0.392s] Level 1:colcon.colcon_core.package_identification:_identify(/workspaces/agtech_ros2/src) by extension 'cmake'
[0.393s] Level 1:colcon.colcon_core.package_identification:_identify(/workspaces/agtech_ros2/src) by extension 'python'
[0.394s] Level 1:colcon.colcon_core.package_identification:_identify(/workspaces/agtech_ros2/src) by extensions ['python_setup_py']
[0.394s] Level 1:colcon.colcon_core.package_identification:_identify(/workspaces/agtech_ros2/src) by extension 'python_setup_py'
[0.400s] Level 1:colcon.colcon_core.package_identification:_identify(/workspaces/agtech_ros2/src/lab2_turtlesim_chase) by extensions ['ignore', 'ignore_ament_install']
[0.401s] Level 1:colcon.colcon_core.package_identification:_identify(/workspaces/agtech_ros2/src/lab2_turtlesim_chase) by extension 'ignore'
[0.402s] Level 1:colcon.colcon_core.package_identification:_identify(/workspaces/agtech_ros2/src/lab2_turtlesim_chase) by extension 'ignore_ament_install'
[0.406s] Level 1:colcon.colcon_core.package_identification:_identify(/workspaces/agtech_ros2/src/lab2_turtlesim_chase) by extensions ['colcon_pkg']
[0.406s] Level 1:colcon.colcon_core.package_identification:_identify(/workspaces/agtech_ros2/src/lab2_turtlesim_chase) by extension 'colcon_pkg'
[0.408s] Level 1:colcon.colcon_core.package_identification:_identify(/workspaces/agtech_ros2/src/lab2_turtlesim_chase) by extensions ['colcon_meta']
[0.409s] Level 1:colcon.colcon_core.package_identification:_identify(/workspaces/agtech_ros2/src/lab2_turtlesim_chase) by extension 'colcon_meta'
[0.411s] Level 1:colcon.colcon_core.package_identification:_identify(/workspaces/agtech_ros2/src/lab2_turtlesim_chase) by extensions ['ros']
[0.412s] Level 1:colcon.colcon_core.package_identification:_identify(/workspaces/agtech_ros2/src/lab2_turtlesim_chase) by extension 'ros'
[0.433s] DEBUG:colcon.colcon_core.package_identification:Package '/workspaces/agtech_ros2/src/lab2_turtlesim_chase' with type 'ros.ament_python' and name 'lab2_turtlesim_chase'
[0.433s] Level 1:colcon.colcon_core.package_discovery:discover_packages(recursive) using defaults
