[1.707s] Invoking command in '/workspaces/agtech_ros2/src/build/lab2_turtlesim_chase': PYTHONPATH=/workspaces/agtech_ros2/src/build/lab2_turtlesim_chase/prefix_override:/usr/lib/python3/dist-packages/colcon_core/task/python/colcon_distutils_commands:/workspaces/agtech_ros2/src/install/lab2_turtlesim_chase/lib/python3.10/site-packages:${PYTHONPATH} /usr/bin/python3 -W ignore:setup.py install is deprecated -W ignore:easy_install command is deprecated setup.py develop --editable --build-directory /workspaces/agtech_ros2/src/build/lab2_turtlesim_chase/build --no-deps symlink_data
[2.417s] running develop
[2.644s] running egg_info
[2.645s] creating lab2_turtlesim_chase.egg-info
[2.646s] writing lab2_turtlesim_chase.egg-info/PKG-INFO
[2.652s] writing dependency_links to lab2_turtlesim_chase.egg-info/dependency_links.txt
[2.655s] writing entry points to lab2_turtlesim_chase.egg-info/entry_points.txt
[2.658s] writing requirements to lab2_turtlesim_chase.egg-info/requires.txt
[2.660s] writing top-level names to lab2_turtlesim_chase.egg-info/top_level.txt
[2.664s] writing manifest file 'lab2_turtlesim_chase.egg-info/SOURCES.txt'
[2.711s] reading manifest file 'lab2_turtlesim_chase.egg-info/SOURCES.txt'
[2.755s] writing manifest file 'lab2_turtlesim_chase.egg-info/SOURCES.txt'
[2.766s] running build_ext
[2.766s] Creating /workspaces/agtech_ros2/src/install/lab2_turtlesim_chase/lib/python3.10/site-packages/lab2-turtlesim-chase.egg-link (link to .)
[2.786s] Installing draw_square script to /workspaces/agtech_ros2/src/install/lab2_turtlesim_chase/lib/lab2_turtlesim_chase
[2.801s] 
[2.802s] Installed /workspaces/agtech_ros2/src/build/lab2_turtlesim_chase
[2.804s] running symlink_data
[2.810s] creating /workspaces/agtech_ros2/src/install/lab2_turtlesim_chase/share/ament_index
[2.812s] creating /workspaces/agtech_ros2/src/install/lab2_turtlesim_chase/share/ament_index/resource_index
[2.814s] creating /workspaces/agtech_ros2/src/install/lab2_turtlesim_chase/share/ament_index/resource_index/packages
[2.827s] symbolically linking /workspaces/agtech_ros2/src/build/lab2_turtlesim_chase/resource/lab2_turtlesim_chase -> /workspaces/agtech_ros2/src/install/lab2_turtlesim_chase/share/ament_index/resource_index/packages
[2.842s] symbolically linking /workspaces/agtech_ros2/src/build/lab2_turtlesim_chase/package.xml -> /workspaces/agtech_ros2/src/install/lab2_turtlesim_chase/share/lab2_turtlesim_chase
[3.113s] Invoked command in '/workspaces/agtech_ros2/src/build/lab2_turtlesim_chase' returned '0': PYTHONPATH=/workspaces/agtech_ros2/src/build/lab2_turtlesim_chase/prefix_override:/usr/lib/python3/dist-packages/colcon_core/task/python/colcon_distutils_commands:/workspaces/agtech_ros2/src/install/lab2_turtlesim_chase/lib/python3.10/site-packages:${PYTHONPATH} /usr/bin/python3 -W ignore:setup.py install is deprecated -W ignore:easy_install command is deprecated setup.py develop --editable --build-directory /workspaces/agtech_ros2/src/build/lab2_turtlesim_chase/build --no-deps symlink_data
