running egg_info
creating ../../build/lab2_turtlesim_chase/lab2_turtlesim_chase.egg-info
writing ../../build/lab2_turtlesim_chase/lab2_turtlesim_chase.egg-info/PKG-INFO
writing dependency_links to ../../build/lab2_turtlesim_chase/lab2_turtlesim_chase.egg-info/dependency_links.txt
writing entry points to ../../build/lab2_turtlesim_chase/lab2_turtlesim_chase.egg-info/entry_points.txt
writing requirements to ../../build/lab2_turtlesim_chase/lab2_turtlesim_chase.egg-info/requires.txt
writing top-level names to ../../build/lab2_turtlesim_chase/lab2_turtlesim_chase.egg-info/top_level.txt
writing manifest file '../../build/lab2_turtlesim_chase/lab2_turtlesim_chase.egg-info/SOURCES.txt'
reading manifest file '../../build/lab2_turtlesim_chase/lab2_turtlesim_chase.egg-info/SOURCES.txt'
writing manifest file '../../build/lab2_turtlesim_chase/lab2_turtlesim_chase.egg-info/SOURCES.txt'
running build
running build_py
creating /workspaces/agtech_ros2/build/lab2_turtlesim_chase/build
creating /workspaces/agtech_ros2/build/lab2_turtlesim_chase/build/lib
creating /workspaces/agtech_ros2/build/lab2_turtlesim_chase/build/lib/lab2_turtlesim_chase
copying lab2_turtlesim_chase/draw_square.py -> /workspaces/agtech_ros2/build/lab2_turtlesim_chase/build/lib/lab2_turtlesim_chase
copying lab2_turtlesim_chase/__init__.py -> /workspaces/agtech_ros2/build/lab2_turtlesim_chase/build/lib/lab2_turtlesim_chase
running install
running install_lib
creating /workspaces/agtech_ros2/install/lab2_turtlesim_chase/lib/python3.10/site-packages/lab2_turtlesim_chase
copying /workspaces/agtech_ros2/build/lab2_turtlesim_chase/build/lib/lab2_turtlesim_chase/draw_square.py -> /workspaces/agtech_ros2/install/lab2_turtlesim_chase/lib/python3.10/site-packages/lab2_turtlesim_chase
copying /workspaces/agtech_ros2/build/lab2_turtlesim_chase/build/lib/lab2_turtlesim_chase/__init__.py -> /workspaces/agtech_ros2/install/lab2_turtlesim_chase/lib/python3.10/site-packages/lab2_turtlesim_chase
byte-compiling /workspaces/agtech_ros2/install/lab2_turtlesim_chase/lib/python3.10/site-packages/lab2_turtlesim_chase/draw_square.py to draw_square.cpython-310.pyc
byte-compiling /workspaces/agtech_ros2/install/lab2_turtlesim_chase/lib/python3.10/site-packages/lab2_turtlesim_chase/__init__.py to __init__.cpython-310.pyc
running install_data
creating /workspaces/agtech_ros2/install/lab2_turtlesim_chase/share/ament_index
creating /workspaces/agtech_ros2/install/lab2_turtlesim_chase/share/ament_index/resource_index
creating /workspaces/agtech_ros2/install/lab2_turtlesim_chase/share/ament_index/resource_index/packages
copying resource/lab2_turtlesim_chase -> /workspaces/agtech_ros2/install/lab2_turtlesim_chase/share/ament_index/resource_index/packages
copying package.xml -> /workspaces/agtech_ros2/install/lab2_turtlesim_chase/share/lab2_turtlesim_chase
running install_egg_info
Copying ../../build/lab2_turtlesim_chase/lab2_turtlesim_chase.egg-info to /workspaces/agtech_ros2/install/lab2_turtlesim_chase/lib/python3.10/site-packages/lab2_turtlesim_chase-0.0.0-py3.10.egg-info
running install_scripts
writing list of installed files to '/workspaces/agtech_ros2/build/lab2_turtlesim_chase/install.log'
