[1.854s] Invoking command in '/workspaces/agtech_ros2/src/lab2_turtlesim_chase': PYTHONPATH=/workspaces/agtech_ros2/build/lab2_turtlesim_chase/prefix_override:/usr/lib/python3/dist-packages/colcon_core/task/python/colcon_distutils_commands:/workspaces/agtech_ros2/install/lab2_turtlesim_chase/lib/python3.10/site-packages:${PYTHONPATH} /usr/bin/python3 -W ignore:setup.py install is deprecated -W ignore:easy_install command is deprecated setup.py egg_info --egg-base ../../build/lab2_turtlesim_chase build --build-base /workspaces/agtech_ros2/build/lab2_turtlesim_chase/build install --record /workspaces/agtech_ros2/build/lab2_turtlesim_chase/install.log --single-version-externally-managed install_data
[2.662s] running egg_info
[2.667s] writing ../../build/lab2_turtlesim_chase/lab2_turtlesim_chase.egg-info/PKG-INFO
[2.677s] writing dependency_links to ../../build/lab2_turtlesim_chase/lab2_turtlesim_chase.egg-info/dependency_links.txt
[2.684s] writing entry points to ../../build/lab2_turtlesim_chase/lab2_turtlesim_chase.egg-info/entry_points.txt
[2.690s] writing requirements to ../../build/lab2_turtlesim_chase/lab2_turtlesim_chase.egg-info/requires.txt
[2.694s] writing top-level names to ../../build/lab2_turtlesim_chase/lab2_turtlesim_chase.egg-info/top_level.txt
[2.730s] reading manifest file '../../build/lab2_turtlesim_chase/lab2_turtlesim_chase.egg-info/SOURCES.txt'
[2.801s] writing manifest file '../../build/lab2_turtlesim_chase/lab2_turtlesim_chase.egg-info/SOURCES.txt'
[2.804s] running build
[2.805s] running build_py
[2.837s] running install
[2.838s] running install_lib
[2.931s] running install_data
[2.956s] running install_egg_info
[2.968s] removing '/workspaces/agtech_ros2/install/lab2_turtlesim_chase/lib/python3.10/site-packages/lab2_turtlesim_chase-0.0.0-py3.10.egg-info' (and everything under it)
[3.030s] Copying ../../build/lab2_turtlesim_chase/lab2_turtlesim_chase.egg-info to /workspaces/agtech_ros2/install/lab2_turtlesim_chase/lib/python3.10/site-packages/lab2_turtlesim_chase-0.0.0-py3.10.egg-info
[3.282s] running install_scripts
[3.356s] Installing draw_square script to /workspaces/agtech_ros2/install/lab2_turtlesim_chase/lib/lab2_turtlesim_chase
[3.370s] writing list of installed files to '/workspaces/agtech_ros2/build/lab2_turtlesim_chase/install.log'
[3.394s] Invoked command in '/workspaces/agtech_ros2/src/lab2_turtlesim_chase' returned '0': PYTHONPATH=/workspaces/agtech_ros2/build/lab2_turtlesim_chase/prefix_override:/usr/lib/python3/dist-packages/colcon_core/task/python/colcon_distutils_commands:/workspaces/agtech_ros2/install/lab2_turtlesim_chase/lib/python3.10/site-packages:${PYTHONPATH} /usr/bin/python3 -W ignore:setup.py install is deprecated -W ignore:easy_install command is deprecated setup.py egg_info --egg-base ../../build/lab2_turtlesim_chase build --build-base /workspaces/agtech_ros2/build/lab2_turtlesim_chase/build install --record /workspaces/agtech_ros2/build/lab2_turtlesim_chase/install.log --single-version-externally-managed install_data
