[0.280s] DEBUG:colcon:Command line arguments: ['/usr/bin/colcon', 'build']
[0.280s] DEBUG:colcon:Parsed command line arguments: Namespace(log_base=None, log_level=None, verb_name='build', build_base='build', install_base='install', merge_install=False, symlink_install=False, test_result_base=None, continue_on_error=False, executor='parallel', parallel_workers=16, event_handlers=None, ignore_user_meta=False, metas=['./colcon.meta'], base_paths=['.'], packages_ignore=None, packages_ignore_regex=None, paths=None, packages_up_to=None, packages_up_to_regex=None, packages_above=None, packages_above_and_dependencies=None, packages_above_depth=None, packages_select_by_dep=None, packages_skip_by_dep=None, packages_skip_up_to=None, packages_select_build_failed=False, packages_skip_build_finished=False, packages_select_test_failures=False, packages_skip_test_passed=False, packages_select=None, packages_skip=None, packages_select_regex=None, packages_skip_regex=None, packages_start=None, packages_end=None, cmake_args=None, cmake_target=None, cmake_target_skip_unavailable=False, cmake_clean_cache=False, cmake_clean_first=False, cmake_force_configure=False, ament_cmake_args=None, catkin_cmake_args=None, catkin_skip_building_tests=False, mixin_files=None, mixin=None, verb_parser=<colcon_mixin.mixin.mixin_argument.MixinArgumentDecorator object at 0x727f18dd37c0>, verb_extension=<colcon_core.verb.build.BuildVerb object at 0x727f18f0c790>, main=<bound method BuildVerb.main of <colcon_core.verb.build.BuildVerb object at 0x727f18f0c790>>, mixin_verb=('build',))
[0.517s] Level 1:colcon.colcon_core.package_discovery:discover_packages(colcon_meta) check parameters
[0.518s] INFO:colcon.colcon_metadata.package_discovery.colcon_meta:Using configuration from '/root/.colcon/metadata/default/Gazebo.meta'
[0.518s] INFO:colcon.colcon_metadata.package_discovery.colcon_meta:Using configuration from '/root/.colcon/metadata/default/fastdds.meta'
[0.519s] INFO:colcon.colcon_metadata.package_discovery.colcon_meta:Using configuration from '/root/.colcon/metadata/default/fastrtps.meta'
[0.519s] Level 1:colcon.colcon_core.package_discovery:discover_packages(recursive) check parameters
[0.519s] Level 1:colcon.colcon_core.package_discovery:discover_packages(ignore) check parameters
[0.519s] Level 1:colcon.colcon_core.package_discovery:discover_packages(path) check parameters
[0.520s] Level 1:colcon.colcon_core.package_discovery:discover_packages(colcon_meta) discover
[0.520s] Level 1:colcon.colcon_core.package_discovery:discover_packages(recursive) discover
[0.520s] INFO:colcon.colcon_core.package_discovery:Crawling recursively for packages in '/workspaces/agtech_ros2'
[0.522s] Level 1:colcon.colcon_core.package_identification:_identify(.) by extensions ['ignore', 'ignore_ament_install']
[0.522s] Level 1:colcon.colcon_core.package_identification:_identify(.) by extension 'ignore'
[0.523s] Level 1:colcon.colcon_core.package_identification:_identify(.) by extension 'ignore_ament_install'
[0.524s] Level 1:colcon.colcon_core.package_identification:_identify(.) by extensions ['colcon_pkg']
[0.524s] Level 1:colcon.colcon_core.package_identification:_identify(.) by extension 'colcon_pkg'
[0.524s] Level 1:colcon.colcon_core.package_identification:_identify(.) by extensions ['colcon_meta']
[0.525s] Level 1:colcon.colcon_core.package_identification:_identify(.) by extension 'colcon_meta'
[0.525s] Level 1:colcon.colcon_core.package_identification:_identify(.) by extensions ['ros']
[0.525s] Level 1:colcon.colcon_core.package_identification:_identify(.) by extension 'ros'
[0.540s] Level 1:colcon.colcon_core.package_identification:_identify(.) by extensions ['cmake', 'python']
[0.541s] Level 1:colcon.colcon_core.package_identification:_identify(.) by extension 'cmake'
[0.541s] Level 1:colcon.colcon_core.package_identification:_identify(.) by extension 'python'
[0.541s] Level 1:colcon.colcon_core.package_identification:_identify(.) by extensions ['python_setup_py']
[0.542s] Level 1:colcon.colcon_core.package_identification:_identify(.) by extension 'python_setup_py'
[0.545s] Level 1:colcon.colcon_core.package_identification:_identify(build) by extensions ['ignore', 'ignore_ament_install']
[0.545s] Level 1:colcon.colcon_core.package_identification:_identify(build) by extension 'ignore'
[0.546s] Level 1:colcon.colcon_core.package_identification:_identify(build) ignored
[0.549s] Level 1:colcon.colcon_core.package_identification:_identify(install) by extensions ['ignore', 'ignore_ament_install']
[0.550s] Level 1:colcon.colcon_core.package_identification:_identify(install) by extension 'ignore'
[0.551s] Level 1:colcon.colcon_core.package_identification:_identify(install) ignored
[0.555s] Level 1:colcon.colcon_core.package_identification:_identify(log) by extensions ['ignore', 'ignore_ament_install']
[0.555s] Level 1:colcon.colcon_core.package_identification:_identify(log) by extension 'ignore'
[0.556s] Level 1:colcon.colcon_core.package_identification:_identify(log) ignored
[0.558s] Level 1:colcon.colcon_core.package_identification:_identify(src) by extensions ['ignore', 'ignore_ament_install']
[0.558s] Level 1:colcon.colcon_core.package_identification:_identify(src) by extension 'ignore'
[0.559s] Level 1:colcon.colcon_core.package_identification:_identify(src) by extension 'ignore_ament_install'
[0.561s] Level 1:colcon.colcon_core.package_identification:_identify(src) by extensions ['colcon_pkg']
[0.561s] Level 1:colcon.colcon_core.package_identification:_identify(src) by extension 'colcon_pkg'
[0.562s] Level 1:colcon.colcon_core.package_identification:_identify(src) by extensions ['colcon_meta']
[0.562s] Level 1:colcon.colcon_core.package_identification:_identify(src) by extension 'colcon_meta'
[0.563s] Level 1:colcon.colcon_core.package_identification:_identify(src) by extensions ['ros']
[0.563s] Level 1:colcon.colcon_core.package_identification:_identify(src) by extension 'ros'
[0.567s] Level 1:colcon.colcon_core.package_identification:_identify(src) by extensions ['cmake', 'python']
[0.567s] Level 1:colcon.colcon_core.package_identification:_identify(src) by extension 'cmake'
[0.568s] Level 1:colcon.colcon_core.package_identification:_identify(src) by extension 'python'
[0.569s] Level 1:colcon.colcon_core.package_identification:_identify(src) by extensions ['python_setup_py']
[0.569s] Level 1:colcon.colcon_core.package_identification:_identify(src) by extension 'python_setup_py'
[0.573s] Level 1:colcon.colcon_core.package_identification:_identify(src/lab2_turtlesim_chase) by extensions ['ignore', 'ignore_ament_install']
[0.574s] Level 1:colcon.colcon_core.package_identification:_identify(src/lab2_turtlesim_chase) by extension 'ignore'
[0.575s] Level 1:colcon.colcon_core.package_identification:_identify(src/lab2_turtlesim_chase) by extension 'ignore_ament_install'
[0.577s] Level 1:colcon.colcon_core.package_identification:_identify(src/lab2_turtlesim_chase) by extensions ['colcon_pkg']
[0.577s] Level 1:colcon.colcon_core.package_identification:_identify(src/lab2_turtlesim_chase) by extension 'colcon_pkg'
[0.579s] Level 1:colcon.colcon_core.package_identification:_identify(src/lab2_turtlesim_chase) by extensions ['colcon_meta']
[0.579s] Level 1:colcon.colcon_core.package_identification:_identify(src/lab2_turtlesim_chase) by extension 'colcon_meta'
[0.581s] Level 1:colcon.colcon_core.package_identification:_identify(src/lab2_turtlesim_chase) by extensions ['ros']
[0.581s] Level 1:colcon.colcon_core.package_identification:_identify(src/lab2_turtlesim_chase) by extension 'ros'
[0.596s] DEBUG:colcon.colcon_core.package_identification:Package 'src/lab2_turtlesim_chase' with type 'ros.ament_python' and name 'lab2_turtlesim_chase'
[0.596s] Level 1:colcon.colcon_core.package_discovery:discover_packages(recursive) using defaults
[0.596s] Level 1:colcon.colcon_core.package_discovery:discover_packages(ignore) discover
[0.597s] Level 1:colcon.colcon_core.package_discovery:discover_packages(ignore) using defaults
[0.597s] Level 1:colcon.colcon_core.package_discovery:discover_packages(path) discover
[0.597s] Level 1:colcon.colcon_core.package_discovery:discover_packages(path) using defaults
[0.656s] Level 5:colcon.colcon_core.verb:set package 'lab2_turtlesim_chase' build argument 'cmake_args' from command line to 'None'
[0.656s] Level 5:colcon.colcon_core.verb:set package 'lab2_turtlesim_chase' build argument 'cmake_target' from command line to 'None'
[0.657s] Level 5:colcon.colcon_core.verb:set package 'lab2_turtlesim_chase' build argument 'cmake_target_skip_unavailable' from command line to 'False'
[0.657s] Level 5:colcon.colcon_core.verb:set package 'lab2_turtlesim_chase' build argument 'cmake_clean_cache' from command line to 'False'
[0.657s] Level 5:colcon.colcon_core.verb:set package 'lab2_turtlesim_chase' build argument 'cmake_clean_first' from command line to 'False'
[0.657s] Level 5:colcon.colcon_core.verb:set package 'lab2_turtlesim_chase' build argument 'cmake_force_configure' from command line to 'False'
[0.657s] Level 5:colcon.colcon_core.verb:set package 'lab2_turtlesim_chase' build argument 'ament_cmake_args' from command line to 'None'
[0.658s] Level 5:colcon.colcon_core.verb:set package 'lab2_turtlesim_chase' build argument 'catkin_cmake_args' from command line to 'None'
[0.658s] Level 5:colcon.colcon_core.verb:set package 'lab2_turtlesim_chase' build argument 'catkin_skip_building_tests' from command line to 'False'
[0.658s] DEBUG:colcon.colcon_core.verb:Building package 'lab2_turtlesim_chase' with the following arguments: {'ament_cmake_args': None, 'build_base': '/workspaces/agtech_ros2/build/lab2_turtlesim_chase', 'catkin_cmake_args': None, 'catkin_skip_building_tests': False, 'cmake_args': None, 'cmake_clean_cache': False, 'cmake_clean_first': False, 'cmake_force_configure': False, 'cmake_target': None, 'cmake_target_skip_unavailable': False, 'install_base': '/workspaces/agtech_ros2/install/lab2_turtlesim_chase', 'merge_install': False, 'path': '/workspaces/agtech_ros2/src/lab2_turtlesim_chase', 'symlink_install': False, 'test_result_base': None}
[0.658s] INFO:colcon.colcon_core.executor:Executing jobs using 'parallel' executor
[0.660s] DEBUG:colcon.colcon_parallel_executor.executor.parallel:run_until_complete
[0.660s] INFO:colcon.colcon_ros.task.ament_python.build:Building ROS package in '/workspaces/agtech_ros2/src/lab2_turtlesim_chase' with build type 'ament_python'
[0.660s] Level 1:colcon.colcon_core.shell:create_environment_hook('lab2_turtlesim_chase', 'ament_prefix_path')
[0.668s] INFO:colcon.colcon_core.plugin_system:Skipping extension 'colcon_core.shell.bat': Not used on non-Windows systems
[0.669s] INFO:colcon.colcon_core.shell:Creating environment hook '/workspaces/agtech_ros2/install/lab2_turtlesim_chase/share/lab2_turtlesim_chase/hook/ament_prefix_path.ps1'
[0.683s] INFO:colcon.colcon_core.shell:Creating environment descriptor '/workspaces/agtech_ros2/install/lab2_turtlesim_chase/share/lab2_turtlesim_chase/hook/ament_prefix_path.dsv'
[0.699s] INFO:colcon.colcon_core.shell:Creating environment hook '/workspaces/agtech_ros2/install/lab2_turtlesim_chase/share/lab2_turtlesim_chase/hook/ament_prefix_path.sh'
[0.713s] INFO:colcon.colcon_core.shell:Skip shell extension 'powershell' for command environment: Not usable outside of PowerShell
[0.714s] DEBUG:colcon.colcon_core.shell:Skip shell extension 'dsv' for command environment
[1.356s] INFO:colcon.colcon_core.task.python.build:Building Python package in '/workspaces/agtech_ros2/src/lab2_turtlesim_chase'
[1.357s] INFO:colcon.colcon_core.shell:Skip shell extension 'powershell' for command environment: Not usable outside of PowerShell
[1.357s] DEBUG:colcon.colcon_core.shell:Skip shell extension 'dsv' for command environment
[2.516s] DEBUG:colcon.colcon_core.event_handler.log_command:Invoking command in '/workspaces/agtech_ros2/src/lab2_turtlesim_chase': PYTHONPATH=/workspaces/agtech_ros2/build/lab2_turtlesim_chase/prefix_override:/usr/lib/python3/dist-packages/colcon_core/task/python/colcon_distutils_commands:/workspaces/agtech_ros2/install/lab2_turtlesim_chase/lib/python3.10/site-packages:${PYTHONPATH} /usr/bin/python3 -W ignore:setup.py install is deprecated -W ignore:easy_install command is deprecated setup.py egg_info --egg-base ../../build/lab2_turtlesim_chase build --build-base /workspaces/agtech_ros2/build/lab2_turtlesim_chase/build install --record /workspaces/agtech_ros2/build/lab2_turtlesim_chase/install.log --single-version-externally-managed install_data
[4.056s] DEBUG:colcon.colcon_core.event_handler.log_command:Invoked command in '/workspaces/agtech_ros2/src/lab2_turtlesim_chase' returned '0': PYTHONPATH=/workspaces/agtech_ros2/build/lab2_turtlesim_chase/prefix_override:/usr/lib/python3/dist-packages/colcon_core/task/python/colcon_distutils_commands:/workspaces/agtech_ros2/install/lab2_turtlesim_chase/lib/python3.10/site-packages:${PYTHONPATH} /usr/bin/python3 -W ignore:setup.py install is deprecated -W ignore:easy_install command is deprecated setup.py egg_info --egg-base ../../build/lab2_turtlesim_chase build --build-base /workspaces/agtech_ros2/build/lab2_turtlesim_chase/build install --record /workspaces/agtech_ros2/build/lab2_turtlesim_chase/install.log --single-version-externally-managed install_data
[4.067s] Level 1:colcon.colcon_core.environment:checking '/workspaces/agtech_ros2/install/lab2_turtlesim_chase' for CMake module files
[4.125s] Level 1:colcon.colcon_core.environment:checking '/workspaces/agtech_ros2/install/lab2_turtlesim_chase' for CMake config files
[4.215s] Level 1:colcon.colcon_core.environment:checking '/workspaces/agtech_ros2/install/lab2_turtlesim_chase/lib'
[4.219s] Level 1:colcon.colcon_core.environment:checking '/workspaces/agtech_ros2/install/lab2_turtlesim_chase/bin'
[4.220s] Level 1:colcon.colcon_core.environment:checking '/workspaces/agtech_ros2/install/lab2_turtlesim_chase/lib/pkgconfig/lab2_turtlesim_chase.pc'
[4.222s] Level 1:colcon.colcon_core.environment:checking '/workspaces/agtech_ros2/install/lab2_turtlesim_chase/lib/python3.10/site-packages'
[4.225s] Level 1:colcon.colcon_core.shell:create_environment_hook('lab2_turtlesim_chase', 'pythonpath')
[4.225s] INFO:colcon.colcon_core.shell:Creating environment hook '/workspaces/agtech_ros2/install/lab2_turtlesim_chase/share/lab2_turtlesim_chase/hook/pythonpath.ps1'
[4.241s] INFO:colcon.colcon_core.shell:Creating environment descriptor '/workspaces/agtech_ros2/install/lab2_turtlesim_chase/share/lab2_turtlesim_chase/hook/pythonpath.dsv'
[4.257s] INFO:colcon.colcon_core.shell:Creating environment hook '/workspaces/agtech_ros2/install/lab2_turtlesim_chase/share/lab2_turtlesim_chase/hook/pythonpath.sh'
[4.271s] Level 1:colcon.colcon_core.environment:checking '/workspaces/agtech_ros2/install/lab2_turtlesim_chase/bin'
[4.273s] Level 1:colcon.colcon_core.environment:create_environment_scripts_only(lab2_turtlesim_chase)
[4.273s] INFO:colcon.colcon_core.shell:Creating package script '/workspaces/agtech_ros2/install/lab2_turtlesim_chase/share/lab2_turtlesim_chase/package.ps1'
[4.286s] INFO:colcon.colcon_core.shell:Creating package descriptor '/workspaces/agtech_ros2/install/lab2_turtlesim_chase/share/lab2_turtlesim_chase/package.dsv'
[4.299s] INFO:colcon.colcon_core.shell:Creating package script '/workspaces/agtech_ros2/install/lab2_turtlesim_chase/share/lab2_turtlesim_chase/package.sh'
[4.311s] INFO:colcon.colcon_core.shell:Creating package script '/workspaces/agtech_ros2/install/lab2_turtlesim_chase/share/lab2_turtlesim_chase/package.bash'
[4.323s] INFO:colcon.colcon_core.shell:Creating package script '/workspaces/agtech_ros2/install/lab2_turtlesim_chase/share/lab2_turtlesim_chase/package.zsh'
[4.336s] Level 1:colcon.colcon_core.environment:create_file_with_runtime_dependencies(/workspaces/agtech_ros2/install/lab2_turtlesim_chase/share/colcon-core/packages/lab2_turtlesim_chase)
[4.346s] DEBUG:colcon.colcon_parallel_executor.executor.parallel:closing loop
[4.346s] DEBUG:colcon.colcon_parallel_executor.executor.parallel:loop closed
[4.346s] DEBUG:colcon.colcon_parallel_executor.executor.parallel:run_until_complete finished with '0'
[4.347s] DEBUG:colcon.colcon_core.event_reactor:joining thread
[4.372s] INFO:colcon.colcon_core.plugin_system:Skipping extension 'colcon_notification.desktop_notification.notify_send': Could not find 'notify-send'
[4.372s] INFO:colcon.colcon_core.plugin_system:Skipping extension 'colcon_notification.desktop_notification.terminal_notifier': Not used on non-Darwin systems
[4.372s] INFO:colcon.colcon_core.plugin_system:Skipping extension 'colcon_notification.desktop_notification.win32': Not used on non-Windows systems
[4.372s] INFO:colcon.colcon_notification.desktop_notification:Sending desktop notification using 'notify2'
[4.376s] DEBUG:colcon.colcon_notification.desktop_notification.notify2:Failed to initialize notify2: org.freedesktop.DBus.Error.Spawn.ExecFailed: /usr/bin/dbus-launch terminated abnormally without any error message
[4.377s] DEBUG:colcon.colcon_core.event_reactor:joined thread
[4.378s] INFO:colcon.colcon_core.shell:Creating prefix script '/workspaces/agtech_ros2/install/local_setup.ps1'
[4.384s] INFO:colcon.colcon_core.shell:Creating prefix util module '/workspaces/agtech_ros2/install/_local_setup_util_ps1.py'
[4.391s] INFO:colcon.colcon_core.shell:Creating prefix chain script '/workspaces/agtech_ros2/install/setup.ps1'
[4.405s] INFO:colcon.colcon_core.shell:Creating prefix script '/workspaces/agtech_ros2/install/local_setup.sh'
[4.411s] INFO:colcon.colcon_core.shell:Creating prefix util module '/workspaces/agtech_ros2/install/_local_setup_util_sh.py'
[4.417s] INFO:colcon.colcon_core.shell:Creating prefix chain script '/workspaces/agtech_ros2/install/setup.sh'
[4.431s] INFO:colcon.colcon_core.shell:Creating prefix script '/workspaces/agtech_ros2/install/local_setup.bash'
[4.436s] INFO:colcon.colcon_core.shell:Creating prefix chain script '/workspaces/agtech_ros2/install/setup.bash'
[4.460s] INFO:colcon.colcon_core.shell:Creating prefix script '/workspaces/agtech_ros2/install/local_setup.zsh'
[4.465s] INFO:colcon.colcon_core.shell:Creating prefix chain script '/workspaces/agtech_ros2/install/setup.zsh'
